2023-06-05 09:50:44,452 - INFO - Exception type: module 'app.exceptions' has no attribute 'EmployeeNotFoundError', Order numbers: [13994]
2023-06-05 09:50:44,465 - INFO - Exception type: ('Create error: ', '{"error":{"code":"UnknownError","message":"","innerError":{"date":"2023-06-05T14:17:39","request-id":"0ae974d8-c8d6-4ab6-911d-e24a2d9058a0","client-request-id":"0ae974d8-c8d6-4ab6-911d-e24a2d9058a0"}}}'), Order numbers: [33305]
2023-06-05 09:50:44,465 - INFO - Exception type: ('Create error: ', '{"error":{"code":"UnknownError","message":"","innerError":{"date":"2023-06-05T14:18:05","request-id":"11c19c2f-eeeb-4ab9-9805-bd9af0d49c97","client-request-id":"11c19c2f-eeeb-4ab9-9805-bd9af0d49c97"}}}'), Order numbers: [33591]
2023-06-05 09:50:44,465 - INFO - Exception type: ('Create error: ', '{"error":{"code":"UnknownError","message":"","innerError":{"date":"2023-06-05T14:18:33","request-id":"7c0d0bd5-44a4-4740-bbc5-ec4ba283f87d","client-request-id":"7c0d0bd5-44a4-4740-bbc5-ec4ba283f87d"}}}'), Order numbers: [33577]
2023-06-05 09:50:44,465 - INFO - Exception type: ('Create error: ', '{"error":{"code":"UnknownError","message":"","innerError":{"date":"2023-06-05T14:23:40","request-id":"04464e7c-675b-4572-830d-d6b1fffc1845","client-request-id":"04464e7c-675b-4572-830d-d6b1fffc1845"}}}'), Order numbers: [21082]
2023-06-05 09:50:44,465 - INFO - Exception type: ('Create error: ', '{"error":{"code":"UnknownError","message":"","innerError":{"date":"2023-06-05T14:36:44","request-id":"6624fd6e-b674-4152-aac2-e347a747da8b","client-request-id":"6624fd6e-b674-4152-aac2-e347a747da8b"}}}'), Order numbers: [41069]
2023-06-05 09:50:44,466 - INFO - Exception type: ('Create error: ', '{"error":{"code":"UnknownError","message":"","innerError":{"date":"2023-06-05T14:37:29","request-id":"f5b257b9-2454-400e-bc2c-8507261f2a20","client-request-id":"f5b257b9-2454-400e-bc2c-8507261f2a20"}}}'), Order numbers: [41536]
2023-06-05 09:50:44,466 - INFO - Exception type: ('Create error: ', '{"error":{"code":"ErrorPropertyValidationFailure","message":"At least one property failed validation."}}'), Order numbers: [42485, 43618, 43554]
2023-06-05 09:50:44,466 - INFO - Exception type: ('Create error: ', '{"error":{"code":"UnknownError","message":"","innerError":{"date":"2023-06-05T14:42:18","request-id":"d34e85ef-65b8-4ecd-9096-de27b78c0bf9","client-request-id":"d34e85ef-65b8-4ecd-9096-de27b78c0bf9"}}}'), Order numbers: [43115]
2023-06-05 09:50:44,466 - INFO - Exception type: ('Create error: ', '{"error":{"code":"UnknownError","message":"","innerError":{"date":"2023-06-05T14:43:10","request-id":"7d6eaa32-78a4-4768-807e-f7af63f66f73","client-request-id":"7d6eaa32-78a4-4768-807e-f7af63f66f73"}}}'), Order numbers: [30130]
2023-06-05 09:50:44,466 - INFO - Exception type: ('Create error: ', '{"error":{"code":"UnknownError","message":"","innerError":{"date":"2023-06-05T14:43:37","request-id":"91b6565d-c1cd-4380-8f0c-f5aceb5a66b7","client-request-id":"91b6565d-c1cd-4380-8f0c-f5aceb5a66b7"}}}'), Order numbers: [43264]
2023-06-05 09:50:44,466 - INFO - Exception type: ('Create error: ', '{"error":{"code":"UnknownError","message":"","innerError":{"date":"2023-06-05T14:44:06","request-id":"0bb65b66-e046-433a-a484-83426958c247","client-request-id":"0bb65b66-e046-433a-a484-83426958c247"}}}'), Order numbers: [30081]
2023-06-05 09:50:44,466 - INFO - Exception type: ('Create error: ', '{"error":{"code":"UnknownError","message":"","innerError":{"date":"2023-06-05T14:44:42","request-id":"32601708-5b75-4fd8-9b6e-13bb19ed6d9e","client-request-id":"32601708-5b75-4fd8-9b6e-13bb19ed6d9e"}}}'), Order numbers: [43590]
2023-06-05 09:50:44,466 - INFO - Exception type: ('Update error: ', '{"error":{"code":"UnknownError","message":"","innerError":{"date":"2023-06-05T14:45:57","request-id":"ad4a8f67-55d3-4462-8a17-00ed5be46909","client-request-id":"ad4a8f67-55d3-4462-8a17-00ed5be46909"}}}'), Order numbers: [30924]
2023-06-05 09:50:44,467 - INFO - Exception type: ('Create error: ', '{"error":{"code":"UnknownError","message":"","innerError":{"date":"2023-06-05T14:46:29","request-id":"5a2d1ea4-3a6c-4715-a0d4-8da7ff6d9c89","client-request-id":"5a2d1ea4-3a6c-4715-a0d4-8da7ff6d9c89"}}}'), Order numbers: [30973]
2023-06-05 09:50:44,467 - INFO - Exception type: ('Create error: ', '{"error":{"code":"UnknownError","message":"","innerError":{"date":"2023-06-05T14:47:13","request-id":"f610da42-4966-4a58-bafb-380b5b284e4a","client-request-id":"f610da42-4966-4a58-bafb-380b5b284e4a"}}}'), Order numbers: [30935]
2023-06-05 09:50:44,467 - INFO - Exception type: Expecting value: line 1 column 1 (char 0), Order numbers: [30110]
2023-06-05 09:50:44,469 - INFO - Successfully created orders: [13842, 13844, 16051, 16143, 16110, 18581, 18659, 20316, 20063, 20555, 21080, 05386, 05387, 21159, 21997, 08103, 23071, 23645, 24028, 24075, 23936, 24214, 24406, 25092, 25279, 25228, 26452, 26942, 26950, 27067, 28027, 28518, 29587, 14381, 29830, 30107, 30309, 21511, 30692, 30786, 31310, 31285, 31615, 31440, 31616, 31569, 31358, 31507, 23232, 31852, 32139, 32137, 32036, 32181, 00053, 32179, 32255, 32113, 32254, 31970, 31971, 32445, 32448, 32397, 32363, 32624, 32617, 32501, 32337, 32646, 32788, 32791, 32859, 32652, 32930, 32666, 32889, 32763, 32764, 32792, 32828, 32755, 33095, 33073, 33109, 32993, 33101, 33100, 33069, 33259, 33414, 33392, 33352, 32798, 33415, 33289, 33265, 33424, 33333, 33590, 33576, 33589, 33592, 33685, 33583, 33664, 33641, 33593, 32356, 33956, 34082, 32354, 33950, 33876, 34173, 32302, 34099, 32885, 34200, 34168, 34461, 34419, 34331, 34199, 34361, 34311, 34218, 34364, 34196, 34190, 34290, 34360, 34084, 34416, 34334, 34602, 34535, 34536, 34563, 34591, 34534, 33979, 34385, 34579, 34621, 34603, 35018, 35017, 35029, 35013, 34889, 34892, 35005, 19794, 34890, 34955, 34944, 26625, 35087, 35303, 35305, 35327, 35199, 35133, 35196, 34533, 35187, 35222, 35186, 35123, 35469, 35524, 35599, 35596, 35749, 35750, 35709, 35565, 35710, 36024, 36050, 20064, 36021, 35780, 35882, 35873, 35877, 36034, 35875, 35788, 36041, 35920, 35921, 17446, 36301, 36303, 36125, 32604, 36096, 36099, 36208, 36155, 36197, 36258, 36189, 36252, 36251, 36097, 36095, 36395, 01415, 11376, 36578, 36684, 36598, 36708, 36675, 36576, 35707, 36098, 36534, 36599, 36506, 36674, 36713, 11336, 36915, 36886, 36832, 36771, 37112, 37113, 37069, 21667, 37045, 37129, 37130, 37095, 37122, 37022, 37053, 23642, 37189, 37295, 37384, 37381, 37196, 37359, 37383, 37371, 37194, 37157, 37380, 37593, 37588, 37750, 37763, 37591, 37713, 37444, 37590, 37589, 37794, 37706, 37832, 37857, 33323, 33696, 37845, 37967, 37847, 38006, 37851, 37863, 37886, 38002, 37859, 37852, 37829, 38036, 37853, 37830, 37848, 37858, 38096, 38108, 38045, 38107, 38105, 38126, 38296, 38130, 38295, 38240, 38266, 38268, 33024, 36094, 38588, 37041, 38557, 38611, 38505, 38423, 38499, 38421, 38422, 38420, 38613, 38565, 23834, 29185, 38961, 37861, 38931, 38856, 38855, 38923, 38896, 38853, 38926, 38897, 38902, 38929, 38691, 38692, 38968, 38895, 39334, 39333, 39286, 39260, 39300, 39278, 39108, 39118, 39287, 39327, 39296, 39297, 39336, 39308, 39325, 39516, 39356, 39512, 39556, 37156, 39354, 39446, 39521, 39527, 39541, 39376, 39528, 39378, 39782, 39721, 39954, 39719, 39857, 38933, 39829, 39919, 39711, 39768, 39699, 39715, 39701, 39773, 39667, 39662, 39745, 39978, 40127, 40226, 39990, 40122, 40057, 40024, 40025, 40246, 40222, 39996, 37293, 40278, 40146, 40219, 39635, 40281, 39749, 35201, 19711, 32700, 32822, 34552, 40228, 40378, 40302, 40297, 40313, 40311, 40320, 40360, 40319, 40321, 40318, 40458, 40291, 40292, 40295, 40296, 40317, 40797, 40791, 40856, 40831, 40654, 40720, 40609, 40864, 40862, 40781, 40867, 40863, 40754, 40869, 40829, 40861, 40642, 40608, 40819, 40796, 40866, 40868, 26823, 41103, 41040, 41124, 41216, 41201, 41078, 40930, 41071, 41083, 41025, 41049, 41008, 41128, 41009, 41202, 41208, 40976, 40981, 40963, 41007, 41346, 41548, 41244, 41484, 41527, 41347, 41489, 41478, 41479, 41439, 41344, 41281, 41352, 41545, 41523, 41549, 41526, 41550, 41551, 41552, 35864, 36302, 36760, 38097, 40379, 33584, 36597, 41577, 35598, 41756, 36639, 41794, 41606, 41607, 36554, 40466, 27071, 41754, 41684, 41601, 41776, 42016, 42042, 42008, 38109, 41943, 41881, 41831, 41953, 15028, 41873, 18487, 41882, 17561, 41836, 13996, 17560, 42110, 14639, 41879, 41884, 41883, 41815, 42230, 42307, 42189, 42388, 29349, 42182, 42311, 42343, 42346, 42387, 42293, 42385, 42209, 42400, 42386, 42231, 42719, 42492, 42673, 42679, 42680, 42506, 29805, 42510, 40224, 42527, 42700, 42706, 42493, 42702, 42500, 42483, 40280, 42581, 42998, 43105, 43003, 30000, 30019, 29887, 29429, 29801, 42916, 42955, 43016, 42967, 42912, 29814, 42874, 42957, 42959, 38417, 42917, 42918, 42968, 42997, 43006, 31623, 43048, 43053, 29984, 42904, 33316, 42873, 34227, 43127, 27614, 43240, 43170, 43263, 30311, 43332, 43267, 30016, 43260, 43406, 30265, 43390, 14644, 43391, 30111, 41941, 30190, 43389, 30045, 41696, 30334, 43238, 43254, 43328, 43308, 30498, 30105, 43301, 43408, 43333, 43298, 43106, 43526, 30796, 38854, 38654, 43463, 43727, 30860, 30795, 43486, 43528, 41005, 31388, 43724, 30313, 30324, 43725, 30691, 29788, 43780, 43730, 30803, 29431, 43592, 30446, 43640, 43552, 43726, 31624, 44202, 44080, 43900, 31303, 35116, 44038, 31409, 43881, 43852, 43853, 44152, 31304, 30675, 31611, 44084, 44086, 30938, 43890, 43854, 11375, 31610, 11719, 30936, 30972, 31111, 39310, 15983, 31237, 31417, 31203, 44506, 44251, 31356, 43470, 31940, 44260, 44507, 44363, 31239, 44383, 42312, 31364, 32109, 36022, 44261, 44253, 44252, 44322, 44361, 31317, 30927, 31235, 44749, 44565, 44579, 44744, 44563, 44782, 44746, 44729, 31613, 44699, 44526, 32887, 44705, 31419, 28105, 30298, 43304, 44676, 44822, 44930, 29758, 29759, 29813, 30132, 33257, 44817, 44950, 29398, 40056, 29790, 29789, 44937, 45041, 44889, 44987, 11837, 44898, 44924, 29651, 44998, 44999, 44844, 44978, 13660, 44840, 29662, 29787, 29634, 29677, 44001, 44935, 44994, 45034, 44992, 37292, 41062, 44989, 44988, 44578, 41663, 31969, 33571, 29998, 31413, 30003, 29804, 44884, 45074, 31527, 31536, 31570, 31571, 45109, 44568, 45062, 45063, 45064, 45119, 31511, 30002, 32826, 33515, 40857, 40858]
2023-06-05 09:50:44,470 - INFO - Successfully updated orders: [21865, 28011, 31948, 32578, 32372, 32620, 32575, 33201, 33212, 33792, 34008, 34166, 34264, 34604, 34532, 34544, 34893, 35117, 36020, 21596, 36922, 36980, 21745, 39285, 41529, 42013, 41989, 42394, 42579, 42666, 30769, 42755, 30191, 39461, 44503, 44505, 43693, 31568, 31391, 44702, 29572, 29657, 29340]
2023-06-05 10:10:38,361 - INFO - Exception type: module 'app.exceptions' has no attribute 'EmployeeNotFoundError', Order numbers: [13994]
2023-06-05 10:10:38,364 - INFO - Exception type: ('Create error: ', '{"error":{"code":"ErrorPropertyValidationFailure","message":"At least one property failed validation."}}'), Order numbers: [42485, 43618, 43554]
2023-06-05 10:10:38,365 - INFO - Successfully created orders: [33305, 33591, 33577, 21082, 41536, 43115, 30130, 43264, 30081, 43590, 30973, 30935]
2023-06-05 10:10:38,365 - INFO - Successfully updated orders: [41069, 30924]
2023-06-05 10:14:26,046 - INFO - Exception type: module 'app.exceptions' has no attribute 'EmployeeNotFoundError', Order numbers: [13994]
2023-06-05 10:14:26,047 - INFO - Exception type: ('Create error: ', '{"error":{"code":"ErrorPropertyValidationFailure","message":"At least one property failed validation."}}'), Order numbers: [42485, 43618, 43554]
2023-06-05 10:14:26,048 - INFO - Successfully updated orders: [33305, 33591, 33577, 21082, 41069, 41536, 43115, 30130, 43264, 30081, 43590, 30924, 30973, 30935]
2023-06-05 10:15:25,074 - INFO - Exception type: module 'app.exceptions' has no attribute 'EmployeeNotFoundError', Order numbers: [13994]
2023-06-05 10:15:25,075 - INFO - Exception type: ('Create error: ', '{"error":{"code":"ErrorPropertyValidationFailure","message":"At least one property failed validation."}}'), Order numbers: [42485, 43618, 43554]
2023-06-05 10:49:13,677 - INFO - Successfully created orders: [13994]
2023-06-05 10:56:58,299 - INFO - Successfully updated orders: [13994]
2023-06-05 10:58:02,784 - INFO - Successfully updated orders: [13994]
2023-06-05 12:35:25,548 - INFO - Successfully updated orders: [13994]
2023-06-05 12:36:30,694 - INFO - Successfully created orders: [42485, 43554]
2023-06-05 12:37:35,375 - INFO - Exception type: ('Create error: ', '{"error":{"code":"ErrorPropertyValidationFailure","message":"At least one property failed validation."}}'), Order numbers: [43618]
2023-06-05 13:32:25,126 - INFO - Successfully created orders: [43618]
2023-06-05 13:36:21,667 - INFO - Successfully updated orders: [43618]
2023-06-06 09:17:58,365 - INFO - Successfully created orders: [45193, 29895, 45171, 45152, 45154, 25535]
2023-06-06 09:17:58,365 - INFO - Successfully updated orders: [37593, 42485, 29814, 31623, 29805, 30002, 43618, 11837, 30769, 29431, 45119, 30309, 33571, 40280, 29662, 29801, 29984, 40224, 30000, 16143, 43554]
2023-06-06 09:29:36,727 - INFO - Successfully updated orders: [45193]
2023-06-07 10:04:53,561 - INFO - Successfully updated orders: [45249, 45236, 45242, 40280, 43526, 30796, 45255, 45193, 29398, 31623, 45256, 31304, 45250, 30803, 30935, 30936, 30972, 31111, 45211, 45213, 45221, 45226, 30000, 30938, 45240, 43726, 44698]
2023-06-07 10:05:45,749 - INFO - Successfully updated orders: [43526, 30796, 30803, 30935, 30936, 30972, 31111, 30938, 31304]
2023-06-12 09:17:11,308 - INFO - Exception type: Error: ErrorInvalidRequest
Message: Your request can't be completed. The Event.End property for an all-day event needs to be set to midnight., Order numbers: [45327, 45328]
2023-06-12 09:17:11,308 - INFO - Successfully updated orders: [44729, 45193, 45315, 45276, 45392, 45399, 45401, 45404, 45418, 45419, 45420, 32889, 43854, 42209, 42343, 42916, 43640, 43780, 45388, 45389, 45390, 45318, 45319, 45356, 45402, 45454, 39310, 14381, 14639, 40378, 28105, 30002, 30298, 30334, 30498, 30692, 30796, 30045, 30081, 30105, 30130, 32112, 32113, 32356, 32363, 32372, 32620, 33259, 33289, 37593, 38417, 38654, 38854, 41005, 41696, 43304, 43526, 41941, 32755, 32859, 32445, 32448, 32501, 32578, 32137, 32179, 32302, 31970, 31971, 30265, 30107, 30111, 30803, 30935, 30936, 30938, 30972, 31111, 31304, 30003, 30016, 30019, 29804, 29805, 29887, 30000, 32337, 45377, 45286, 25535, 45455]
2023-06-12 09:27:39,323 - INFO - Successfully created orders: [45327, 45328]2023-06-13 00:01:27,208 - INFO - Exception type: Expecting value: line 1 column 1 (char 0), Order numbers: [30111]
2023-06-13 00:01:27,208 - INFO - Successfully created orders: [45465, 45463, 45520, 45500, 45519, 45521]
2023-06-13 00:01:27,208 - INFO - Successfully updated orders: [32889, 30081, 30309, 14639, 14644, 40378, 32578, 30016, 42916, 32445, 30019, 32859, 32501, 30000, 32448, 41696, 14381, 38417, 30692, 30334, 31303, 30045, 30105, 30191, 33289, 32337]
2023-06-17 00:03:14,964 - INFO - Exception type: Expecting value: line 1 column 1 (char 0), Order numbers: [32302, 30107, 14381, 14639, 30692, 32604]
2023-06-17 00:03:14,964 - INFO - Successfully created orders: [45559, 45594, 45537, 45659, 45664, 45539, 45570, 45751, 45668, 45750, 45797, 45710, 45801, 45802, 45804, 45600, 45805, 45758, 45806, 45619, 45648, 45569, 45604, 45529, 45598, 45756]
2023-06-17 00:03:14,964 - INFO - Successfully updated orders: [31237, 37189, 38854, 40797, 40857, 38654, 43301, 43304, 43590, 32113, 44844, 43780, 43640, 42916, 31569, 31570, 32445, 32575, 32652, 31440, 32179, 30938, 30936, 30972, 31111, 31969, 31970, 31971, 30019, 33024, 30935, 31536, 30045, 42209, 42343, 32930, 32666, 29887, 17560, 17561, 14644, 23232, 30105, 30081, 30130, 30191, 30334, 30796, 30860, 30924, 31303, 32354, 31310, 31391, 30973, 32356, 32363, 32372, 32397, 32764, 32617, 32624, 32763, 32798, 32826, 33095, 33259, 33289, 35303, 33414, 33515, 35116, 40856, 36832, 40858, 41005, 15983, 31235]
2023-06-19 00:00:40,503 - INFO - Successfully updated orders: [45664, 41941, 30498, 30973, 45465, 30311, 30265]
2023-06-20 00:01:16,933 - INFO - Exception type: Expecting value: line 1 column 1 (char 0), Order numbers: [45249, 30786]
2023-06-20 00:01:16,933 - INFO - Successfully created orders: [45838, 45836, 45839, 45842, 45824, 45844, 45807, 45846, 45843, 45845, 45840, 45827, 45837, 45828, 45830, 45808]
2023-06-20 00:01:16,933 - INFO - Successfully updated orders: [45276, 32575, 30691, 30311, 30265, 39310, 32578, 31623, 30313, 30324, 30498, 30796, 30973]
2023-06-21 00:00:56,040 - INFO - Successfully created orders: [45895, 45861, 45858, 45855, 45865, 45856, 45853]
2023-06-21 00:00:56,040 - INFO - Successfully updated orders: [41941, 34893, 32652, 30324, 30313, 32578, 30973, 44152]
2023-06-22 00:01:40,837 - INFO - Successfully created orders: [45922, 45909, 29343, 26771, 24841, 43009, 45902, 45248, 44259, 45903]
2023-06-22 00:01:40,837 - INFO - Successfully updated orders: [33685, 33073, 33109, 31940, 32624, 31356, 32993, 40797, 30795, 31239, 45895, 32666, 45806, 43301, 40863, 45865, 30003, 37156, 32885, 33069, 40862, 30675, 33024, 30691, 40861, 38854, 38654, 45664, 30796, 32337, 43693, 40868]
2023-06-23 00:00:33,689 - INFO - Successfully created orders: [45934]
2023-06-23 00:00:33,689 - INFO - Successfully updated orders: [39310, 45895, 43693]
2023-06-25 00:01:18,688 - INFO - Exception type: Expecting value: line 1 column 1 (char 0), Order numbers: [31237]
2023-06-25 00:01:18,704 - INFO - Successfully created orders: [46020, 45974]
2023-06-25 00:01:18,704 - INFO - Successfully updated orders: [31203, 35116, 32255, 31391, 32798, 32254, 31511, 32354, 35201, 32356, 44152, 32828, 31569, 32139, 31440, 33095, 32885, 41663, 31610, 31527, 31536, 32337]
2023-06-26 00:00:47,097 - INFO - Exception type: Expecting value: line 1 column 1 (char 0), Order numbers: [30446]
2023-06-26 00:00:47,113 - INFO - Successfully updated orders: [38854, 38654, 41281, 30860, 30795, 31409, 41005, 45213, 45664, 45619]
2023-06-29 00:02:25,233 - INFO - Exception type: Expecting value: line 1 column 1 (char 0), Order numbers: [30938, 30927]
2023-06-29 00:02:25,233 - INFO - Successfully created orders: [38000, 41217, 46119, 46103, 46048, 46049, 30862, 46052, 46053, 46077, 46102, 46104, 46136, 46054, 46055, 46107]
2023-06-29 00:02:25,233 - INFO - Successfully updated orders: [30935, 33685, 31111, 31610, 31413, 31569, 30972, 30675, 30803, 41005, 33584, 32139, 33212, 31570, 31616, 31615, 31304, 30936, 11375, 30860, 31852, 39310, 15028, 41281, 32791, 33323, 28105, 30924, 31310, 30795, 31203, 31303, 31364, 31409, 31239, 31624, 32255, 32624, 33265, 31940, 33305, 33352, 33415, 35013, 38854, 33515, 35029, 38654, 15983, 31235]
2023-07-02 00:01:49,899 - INFO - Exception type: Expecting value: line 1 column 1 (char 0), Order numbers: [42209, 35018]
2023-07-02 00:01:49,899 - INFO - Successfully created orders: [46149, 46158, 46167, 46171]
2023-07-02 00:01:49,899 - INFO - Successfully updated orders: [38000, 41217, 33592, 33696, 33590, 32139, 32179, 33424, 33571, 33589, 32930, 33323, 33333, 31111, 31304, 31413, 31610, 30311, 43640, 33201, 30860, 45569, 23232, 32993, 31303, 30924, 33073, 33577, 33109, 32372, 38854, 33792, 38654, 41478, 44699, 43470, 41479, 46077, 45236, 43900, 21511, 17446]
2023-07-03 00:00:28,158 - INFO - Successfully created orders: [46216]
2023-07-08 00:02:00,074 - INFO - Exception type: Expecting value: line 1 column 1 (char 0), Order numbers: [15983]
2023-07-08 00:02:00,105 - INFO - Successfully created orders: [46223, 46332, 46326, 46234, 14639, 46297, 46255, 46330, 46314, 46327, 46321, 46323, 46325, 46280, 46337, 46301, 46303, 46305, 46306, 46308, 46328, 46329]
2023-07-08 00:02:00,105 - INFO - Successfully updated orders: [45276, 32501, 34200, 31419, 18487, 35116, 38045, 31440, 31317, 39310, 35005, 31569, 14644, 31852, 43526, 31624, 31507, 46077, 46149, 43470, 33593, 33641, 31409, 31613, 31310, 44152, 17446, 46107]
2023-07-10 00:00:44,234 - INFO - Successfully updated orders: [31358, 31507, 31417, 43470, 31356, 31511, 31611, 31440, 46119, 31536, 31568]
2023-07-11 14:12:22,379 - INFO - Exception type: Expecting value: line 1 column 1 (char 0), Order numbers: [34099]
2023-07-11 14:12:22,379 - INFO - Successfully created orders: [46390]
2023-07-11 14:12:22,379 - INFO - Successfully updated orders: [44930, 34227, 46361, 46329, 34552, 44383, 41882, 31419, 33950, 34008, 31624, 31507, 31303, 33685, 31417, 43470, 34579, 46383, 33109, 34604, 34084, 46149, 33956, 34082, 46377, 31613, 46391, 34290, 33593, 31391, 31511, 34166, 34168, 31570, 31571, 31527, 31536, 34218, 31440, 41836, 18581, 34311, 34361, 44782, 33979, 46379, 31356, 14644, 34190, 33876, 14639, 34173, 34196, 34890, 18659, 46048, 20063, 34416, 34334, 31568]
2023-07-11 14:23:25,326 - INFO - Successfully updated orders: [44930, 34227, 31527, 31536, 31570, 31571, 34218, 41836, 46390, 34168, 34890, 18659, 46048, 44782, 33979, 34190, 33876, 34173, 34196, 34166, 34311, 34361, 18581, 31507, 31303, 33109, 34604, 34084, 34579, 33956, 34082, 46391, 34290, 33593, 46383, 31391, 31419, 33950, 34552, 46329, 44383, 41882, 20063, 34416, 34334]
2023-07-12 00:01:42,307 - INFO - Successfully created orders: [46378]
2023-07-12 00:01:42,307 - INFO - Successfully updated orders: [34227, 44930, 46329, 44383, 34552, 34604, 34579, 33109, 34084, 34082, 33593, 46383, 33956, 46391, 34290, 31507, 31391, 41882, 33950, 31419, 31570, 34168, 34890, 18659, 31571, 31536, 34166, 18581, 46390, 34361, 34173, 31527, 34218, 41836, 34311, 33979, 44782, 34196, 34190, 33876, 20063, 34416, 34334]
2023-07-13 00:00:55,164 - INFO - Successfully created orders: [41345, 46423, 46452, 46450, 46421, 46434, 46432, 46448]
2023-07-13 00:00:55,164 - INFO - Successfully updated orders: [32646, 44152, 31358, 43590, 17446]
2023-07-14 00:01:06,553 - INFO - Successfully created orders: [46454, 46461, 46460, 46465, 46473, 46469, 46474]
2023-07-14 00:01:06,553 - INFO - Successfully updated orders: [46421, 31358, 32826, 33515, 36099, 46119, 31440, 31417, 31568, 46107]
2023-07-15 00:00:48,652 - INFO - Successfully created orders: [46525]
2023-07-15 00:00:48,652 - INFO - Successfully updated orders: [31364, 31569, 46149, 33095, 40857, 32889, 31317, 45034, 31611, 31623, 40378]
2023-07-15 00:00:48,652 - INFO - Successfully deleted orders: [35029]
2023-07-17 00:00:41,128 - INFO - Successfully updated orders: [32826, 33515, 40856, 40857, 40858, 31615, 31969]
2023-07-20 00:01:44,425 - INFO - Successfully created orders: [46615, 46619, 46648, 46577, 46572, 46628, 46544, 46534, 46656, 46627, 46664, 46613, 46616, 46617, 46618, 46651, 46655, 46528, 46666, 46614, 46630]
2023-07-20 00:01:44,425 - INFO - Successfully updated orders: [32646, 32859, 32755, 18659, 43640, 31615, 40378, 32791, 31969, 41663, 32620, 33109, 32356, 33515, 40856, 40858, 43526, 40857, 32826, 31613, 46149, 33956, 34082, 35303]
2023-07-20 00:01:44,425 - INFO - Successfully deleted orders: [46432, 32109]
2023-07-21 00:00:50,897 - INFO - Successfully created orders: [46702]
2023-07-21 00:00:50,897 - INFO - Successfully updated orders: [46361, 34890, 32755, 31571, 34579, 33109, 34084, 41836, 34173, 43726]
2023-07-24 00:01:19,029 - INFO - Successfully created orders: [46707, 27561, 46740, 46780, 46785, 46750, 46765, 46709, 29171, 46719, 46720, 46726, 46721, 46723, 46724]
2023-07-24 00:01:19,044 - INFO - Successfully updated orders: [34591, 36506, 34166, 34419, 34532, 34621, 34604, 33956, 34360, 18659, 32137, 20063, 34416]
2023-07-25 00:01:48,321 - INFO - Successfully created orders: [46822, 46820]
2023-07-25 00:01:48,321 - INFO - Successfully updated orders: [32179, 42343, 32139, 46577, 33259, 43854, 43780, 43640, 27561, 29171, 31971, 32112, 32254, 32354, 32255, 33095, 32372, 32113, 32617, 40857, 40858, 31970, 36034, 46630]
2023-07-25 00:01:48,321 - INFO - Successfully deleted orders: [44744]
2023-08-05 00:05:05,797 - INFO - Successfully created orders: [47053, 47043, 46858, 46978, 46860, 46861, 46863, 46929, 46930, 46949, 47001, 47022, 46875, 46877, 46980, 47019, 46934, 46905, 46864, 47021, 47047, 47052, 47060, 47224, 47068, 47069, 47070, 47201, 47202, 47160, 47162, 47165, 47169, 47171, 47131, 47133, 47122, 47172, 47173, 47211, 47203, 47216]
2023-08-05 00:05:05,797 - INFO - Successfully updated orders: [37189, 46383, 36034, 35873, 35877, 17561, 28518, 38036, 40281, 40320, 33685, 40861, 27071, 23645, 24406, 19711, 32113, 32363, 32700, 26452, 29830, 32828, 32764, 33305, 33415, 33641, 33664, 33109, 34579, 34602, 34621, 34893, 35013, 35017, 35196, 35199, 35305, 35327, 35469, 35524, 35599, 35133, 36020, 36024, 37112, 41025, 34360, 41953, 42679, 42680, 43900, 41536, 44383, 41943, 45109, 44506, 45537, 45570, 44699, 45861, 45236, 11376, 32445, 32578, 32666, 20316, 21159, 35117, 34944, 35005, 34892, 34591, 34533, 34534, 34536, 23232, 34563, 33876, 34218, 34331, 33571, 33424, 33333, 33201, 40862, 40863, 33584, 38045, 37156, 01415, 35187, 35186, 45569, 45034, 34544, 41836, 42912, 42916, 35710, 43554, 35087, 23834, 40868, 21745, 32646, 29634, 18581, 32652, 32885, 32448, 32575, 32859, 36022, 33591, 32617, 33289, 33414, 37045, 37861, 18487, 33583, 34603, 32337]
2023-08-05 00:05:05,797 - INFO - Successfully deleted orders: [46740, 23936, 32822, 41071, 33577, 34532, 43298, 33576, 32397, 39108]
2023-08-07 00:00:32,715 - INFO - Successfully created orders: [47252]
2023-08-08 00:01:17,076 - INFO - Successfully created orders: [47256, 47267, 47285, 47265, 47284, 47266]
2023-08-08 00:01:17,076 - INFO - Successfully updated orders: [32792, 32700, 40317, 32889, 17561, 31616, 17560, 35187, 32885, 45806, 32666, 43301, 32617, 33414, 32798, 32763, 40797, 32764, 32624, 34334]
2023-08-11 00:01:34,136 - INFO - Successfully created orders: [47457, 47301, 47302, 47433, 47452, 47455, 47437, 47443, 47429, 47303, 47305, 47341, 47393, 47434, 47451, 47458, 47459, 47461, 47463]
2023-08-11 00:01:34,136 - INFO - Successfully updated orders: [32889, 35788, 33589, 32652, 32930, 45806, 33792, 32792, 32828, 40317, 18487, 33641, 40797, 46423, 42918]
2023-08-12 00:00:54,003 - INFO - Successfully created orders: [47499, 47511, 47485, 47521, 47509]
2023-08-12 00:00:54,003 - INFO - Successfully updated orders: [34552, 46616, 46617, 46618, 32764, 40831, 18487, 32828, 36832, 31616]
2023-08-14 00:00:35,005 - INFO - Successfully created orders: [47528]
2023-08-15 00:02:48,509 - INFO - Successfully created orders: [47555, 47550, 47551, 47533, 47554]
2023-08-15 00:02:48,509 - INFO - Successfully updated orders: [34563, 35873, 38045, 40862, 34944, 34361, 35709, 34311, 41836, 42912, 47521, 34892, 32788, 18487, 34218, 45034, 35187, 34331, 40863, 45569, 33424, 33073, 33069, 37156, 36094, 33024, 33685, 33352, 41479, 40861, 35303, 35305, 42917, 42918, 33415, 35327, 47511, 32993, 37112, 45559, 33641, 46423, 34602, 34552, 33305, 34008, 35469, 34579, 46383, 35524, 34621, 34416, 35710, 35087, 34334, 40868]
2023-08-17 00:01:45,713 - INFO - Successfully created orders: [47580, 47582, 33195, 47621, 47650, 47578, 47591, 47648, 47659, 47661, 47603]
2023-08-17 00:01:45,713 - INFO - Successfully updated orders: [29634, 05387, 05386, 33424, 33024, 19794, 32763, 36094, 41836, 43592, 44361, 42912, 40831, 45668, 41479, 44699, 20064, 19711, 33305, 33415, 33593, 34621, 34552, 35196, 35707, 35469, 32993, 20063, 40868]
2023-08-17 00:01:45,713 - INFO - Successfully deleted orders: [44930]
2023-08-19 00:01:17,782 - INFO - Successfully created orders: [47703, 47750, 47671, 47756]
2023-08-19 00:01:17,782 - INFO - Successfully updated orders: [33424, 33571, 35013, 38000, 35875, 19711, 35596, 35707, 35749, 36021, 47591, 17446]
2023-08-19 00:01:17,782 - INFO - Successfully deleted orders: [36022, 47603]
2023-08-22 00:01:15,994 - INFO - Successfully created orders: [47786]
2023-08-22 00:01:16,009 - INFO - Successfully updated orders: [33265, 33352, 33415, 35201, 33641, 33109, 34621, 47591, 33024, 33212, 33876, 34190, 35788, 45805, 33195, 33333, 33685]
2023-08-22 00:01:16,009 - INFO - Successfully deleted orders: [33664]
2023-08-24 00:01:11,299 - INFO - Successfully created orders: [47861, 47854, 47836, 47862, 47803, 47837, 47858, 47859, 47871]
2023-08-24 00:01:11,314 - INFO - Successfully updated orders: [34621, 33109, 32993, 40318, 47786, 33195, 40609, 34579, 35013, 33333, 33876, 33685]
2023-08-25 00:00:40,443 - INFO - Successfully created orders: [47895, 47899, 47897]
2023-08-25 00:00:40,458 - INFO - Successfully updated orders: [40868]
2023-08-26 00:02:22,423 - INFO - Successfully created orders: [47959, 47966, 47965, 47935, 47950, 47951, 47944, 47963, 47964]
2023-08-26 00:02:22,423 - INFO - Successfully updated orders: [36096, 33950, 35222, 34955, 36050, 35186, 34200, 35920, 35921, 36251, 34944, 36094, 36155, 29634, 47171, 42912, 34563, 35565, 41836, 45559, 33201, 45668, 35788, 47202, 45569, 35709, 35875, 47165, 47201, 35117, 36189, 36095, 35524, 34621, 35750, 47001, 41479, 41478, 36024, 35305, 36125, 35780, 35749, 47122, 45537, 45236, 47591, 37113, 44699, 20555, 46980, 35710, 35087, 21745]
2023-08-26 00:02:22,423 - INFO - Successfully deleted orders: [34892, 33696]
2023-08-30 00:02:18,441 - INFO - Successfully created orders: [47997, 48058, 48033, 48044, 48059, 48063, 48045, 47970, 47973, 47992, 48057, 48064, 48060, 48065, 48049, 48050, 47979, 47994, 48004]
2023-08-30 00:02:18,441 - INFO - Successfully updated orders: [34227, 43900, 44699, 21511, 45236, 33641, 34084, 32993, 34621, 35201, 41479, 41601, 45569, 34893, 33876, 34190, 33592, 33589, 33590, 33792, 38045, 34218, 35187, 36189, 41836, 45034, 35013, 34416]
2023-08-31 00:00:56,425 - INFO - Successfully updated orders: [18659, 33956, 41601, 36251, 34364, 47959, 34082, 36506, 34416, 20063]
2023-08-31 00:00:56,425 - INFO - Successfully deleted orders: [34534]
2023-09-01 00:01:01,423 - INFO - Successfully created orders: [48144, 48131, 48132, 48133]
2023-09-01 00:01:01,439 - INFO - Successfully updated orders: [35017, 35599, 42680, 36155, 34364, 34533, 34893, 35005, 35864, 35133, 33201]
2023-09-01 00:01:01,439 - INFO - Successfully deleted orders: [34008, 34544]
2023-09-02 00:03:12,302 - ERROR - Exception type: ('Update error: ', '{"error":{"code":"BadRequest","message":"Property attendees in payload has a value that does not match schema.","innerError":{"date":"2023-09-02T05:02:33","request-id":"4e274428-8856-4b81-bb31-f448ca1f6974","client-request-id":"4e274428-8856-4b81-bb31-f448ca1f6974"}}}'), Order numbers: [33424]
NoneType: None
2023-09-02 00:03:12,302 - INFO - Successfully created orders: [48194, 48166, 48159, 48177]
2023-09-02 00:03:12,302 - INFO - Successfully updated orders: [46707, 36395, 36208, 34200, 36598, 36915, 37763, 37053, 36708, 34893, 36578, 36597, 36684, 45034, 36675, 36258, 44705, 46379, 38295, 48064, 36301, 36098, 35199, 36303, 36713, 37853, 36534, 34290, 36771, 36599, 36674, 37157, 47022, 11336]
2023-09-02 00:03:12,302 - INFO - Successfully deleted orders: [37022]
2023-09-05 00:00:52,311 - INFO - Successfully created orders: [48199]
2023-09-05 00:00:52,327 - INFO - Successfully updated orders: [33956, 34082, 33593, 33641, 44383, 33950, 33591, 34168, 18659, 38045, 34196]
2023-09-06 00:00:57,304 - INFO - Successfully created orders: [48161, 48189, 48269]
2023-09-06 00:00:57,320 - INFO - Successfully updated orders: [41479, 48159, 35599, 33641, 33591, 34168, 20316, 45034, 11376]
2023-09-06 00:00:57,320 - INFO - Successfully deleted orders: [36639, 13994, 13996]
2023-09-08 00:01:38,716 - INFO - Successfully created orders: [41270, 48276, 48280, 48281, 48272, 48277, 48283, 48300, 48301, 48326, 48313, 48274, 48306]
2023-09-08 00:01:38,731 - INFO - Successfully updated orders: [34604, 33956, 48045, 44383, 48161, 34082, 36301, 41953, 47499, 18659, 34196, 48269, 45805, 47959, 38045, 34200, 34218, 33593, 35710, 35087, 34334]
2023-09-08 00:01:38,731 - INFO - Successfully deleted orders: [33950, 29634]
2023-09-09 00:01:10,739 - INFO - Successfully created orders: [48364, 48379, 48400, 48372]
2023-09-09 00:01:10,770 - INFO - Successfully updated orders: [37189, 41953, 45559, 35196, 41882, 35117, 36302, 01415, 35864, 35598, 36303, 33956, 35469, 36020, 34082, 42680, 34419, 36922, 21745]
2023-09-09 00:01:10,770 - INFO - Successfully deleted orders: [34416]
2023-09-12 00:01:28,889 - ERROR - Exception type: cannot access local variable 'request_from' where it is not associated with a value, Order numbers: [48424]
NoneType: None
2023-09-12 00:01:28,889 - INFO - Successfully created orders: [48411, 48421, 48464, 47720, 48461]
2023-09-12 00:01:28,889 - INFO - Successfully updated orders: [34227, 34082, 34199, 46329, 34311, 34361, 44782, 23232, 34166, 33979, 34890, 35187, 42912, 36684, 36708, 34173, 34552, 34084, 36506, 20063]
2023-09-12 00:01:28,889 - INFO - Successfully deleted orders: [18581]
2023-09-13 00:00:48,894 - ERROR - Exception type: Order is missing values: RequestFromTime, RequestToTime, RequestFromDate., Order numbers: [48362]
NoneType: None
2023-09-13 00:00:48,894 - INFO - Successfully created orders: [48503, 48496]
2023-09-13 00:00:48,894 - INFO - Successfully updated orders: [35187, 36506, 48372, 01415, 48269, 36922]
2023-09-13 00:00:48,894 - INFO - Successfully deleted orders: [34552, 46329]
2023-09-14 00:00:39,837 - INFO - Successfully created orders: [48533, 48529, 48535, 48516]
2023-09-14 00:00:39,837 - INFO - Successfully updated orders: [36506]
2023-09-14 00:00:39,837 - INFO - Successfully deleted orders: [34890, 34166]
2023-09-15 00:01:13,695 - INFO - Successfully created orders: [48551, 48564, 48563]
2023-09-15 00:01:13,695 - INFO - Successfully updated orders: [33956, 34082, 18659]
2023-09-16 00:01:19,792 - INFO - Successfully created orders: [48657, 48659, 48656, 48426]
2023-09-16 00:01:19,792 - INFO - Successfully updated orders: [48533, 48159, 46860, 36886, 34218, 36578, 23232, 37157, 37122, 20063, 21080, 48516]
2023-09-19 00:01:36,794 - INFO - Successfully created orders: [48676, 48678, 48674, 48687, 48682, 48661, 48684, 48696, 48663, 48680, 48703, 48662, 48697, 48689, 48664, 48695]
2023-09-19 00:01:36,794 - INFO - Successfully updated orders: [46383, 34602, 34419, 46423, 34461, 35133, 34533, 41882, 34331, 45846, 34591, 37763, 34563, 34536, 35005, 34360, 48516]
2023-09-19 00:01:36,794 - INFO - Successfully deleted orders: [35017, 35873]
2023-09-19 10:37:33,502 - INFO - Successfully created orders: [48706, 48708, 48424]
2023-09-19 10:37:33,502 - INFO - Successfully updated orders: [46423, 35133, 41882, 34536, 47171, 45846, 34331]
2023-09-19 10:37:33,502 - INFO - Successfully deleted orders: [35005]
2023-09-19 10:40:09,873 - INFO - Successfully updated orders: [46423, 35133, 41882, 48706, 34536, 47171, 48708, 48424, 45846, 34331]
2023-09-19 10:42:11,455 - INFO - Successfully updated orders: [46423, 35133, 41882, 48706, 34536, 47171, 48708, 48424, 45846, 34331]
2023-09-20 00:01:08,298 - INFO - Successfully created orders: [48721, 48770]
2023-09-20 00:01:08,298 - INFO - Successfully updated orders: [37189, 48706, 34536, 46423, 35133, 34331, 41882, 36208, 45559, 48424, 34461, 47171, 37194, 34602, 36096]
2023-09-21 00:00:57,339 - INFO - Successfully created orders: [48813, 48822, 48798, 48821, 48826, 48801]
2023-09-21 00:00:57,339 - INFO - Successfully updated orders: [34227, 37189, 46423, 40963, 34563]
2023-09-21 00:00:57,339 - INFO - Successfully deleted orders: [41069, 41008]
2023-09-23 00:01:11,271 - INFO - Successfully created orders: [48866, 48869, 48903, 48905, 48923, 48867, 48838, 48922, 48920, 48841, 48921, 48925]
2023-09-23 00:01:11,271 - INFO - Successfully updated orders: [36094, 34364, 40963, 35709, 34563, 35565]
2023-09-23 00:01:11,271 - INFO - Successfully deleted orders: [48821]
2023-09-25 00:00:44,595 - INFO - Successfully updated orders: [45537, 35599, 35186, 34944, 34603]
2023-09-29 00:05:42,689 - INFO - Successfully created orders: [49040, 48965, 48967, 48971, 48933, 49013, 49018, 49101, 49056, 49099, 49046, 39790, 49047, 49052, 49012, 49017, 49019, 48978, 49008, 48997, 48961]
2023-09-29 00:05:42,705 - INFO - Successfully updated orders: [37189, 36980, 37045, 36301, 37157, 20064, 21596, 37293, 37359, 37861, 38422, 45537, 47499, 46860, 48159, 48161, 48064, 48922, 35186, 34944, 35599, 37295, 37847, 37851, 35187, 37041, 36125, 48656, 36094, 46379, 44992, 44999, 42912, 48516, 21082]
2023-10-02 00:01:03,125 - INFO - Successfully created orders: [49129, 49140, 49113, 49147, 49115, 49112]
2023-10-02 00:01:03,125 - INFO - Successfully updated orders: [35305, 35303, 36303, 20064, 48159, 37112, 35788, 39790, 49040, 34603, 21745]
2023-10-02 00:01:03,125 - INFO - Successfully deleted orders: [39118]
2023-10-06 00:02:31,656 - INFO - Successfully created orders: [49243, 49237, 49171, 49197, 49217, 49190, 49194, 49195, 49160, 49272, 49191, 49270, 49271, 49273, 49327, 49284, 49396]
2023-10-06 00:02:31,656 - INFO - Successfully updated orders: [35222, 35117, 35598, 42912, 11336, 49129, 35303, 35524, 35305, 35196, 41479, 35469, 45109, 35596, 37112, 42680, 38423, 37383, 37852, 41439, 38295, 36020, 48535, 37589, 37794, 37847, 44999, 21159, 21865, 37832, 35749, 36097, 37196, 37293, 37588, 38107, 37384, 37444, 36099, 37041, 35864, 21080, 35710, 35087, 47021, 37380, 21745]
2023-10-07 00:00:42,780 - INFO - Successfully updated orders: [37829, 37859, 35469, 37591, 37863, 35196]
2023-10-07 00:00:42,812 - INFO - Successfully deleted orders: [37886]
2023-10-08 00:00:34,524 - INFO - Successfully created orders: [49484]
2023-10-10 00:01:47,649 - INFO - Successfully created orders: [49511, 49498]
2023-10-10 00:01:47,665 - INFO - Successfully updated orders: [37189, 35565, 37706, 42917, 35327, 35524, 36024, 48721, 21667, 35305, 37853, 35199, 36021, 35709, 36760, 19711, 35707, 42918, 35087]
2023-10-10 00:01:47,665 - INFO - Successfully deleted orders: [41794, 36098, 20064, 19794]
2023-10-11 00:01:26,888 - INFO - Successfully created orders: [49119, 49537, 49565]
2023-10-11 00:01:26,888 - INFO - Successfully updated orders: [36395, 37845, 48967, 38108, 42312, 45668, 38096, 36189, 38557, 35882, 21997, 35565, 38002, 35199, 37830, 38421, 37853, 37113, 37848, 49498, 40466, 46980]
2023-10-12 00:01:36,534 - INFO - Successfully created orders: [49584, 49631, 49627]
2023-10-12 00:01:36,554 - INFO - Successfully updated orders: [36395, 19711, 49115, 36094, 35750, 47001, 36024, 37763, 35877, 21865, 46980, 35087, 21082]
2023-10-12 00:01:36,554 - INFO - Successfully deleted orders: [35709]
2023-10-13 00:03:25,139 - ERROR - Exception type: ('Update error: ', '{"error":{"code":"BadRequest","message":"Property attendees in payload has a value that does not match schema.","innerError":{"date":"2023-10-13T05:03:23","request-id":"44ff0355-e8d7-4a01-b6d1-2e4fbebca94d","client-request-id":"44ff0355-e8d7-4a01-b6d1-2e4fbebca94d"}}}'), Order numbers: [36094]
NoneType: None
2023-10-13 00:03:25,139 - INFO - Successfully created orders: [49689, 49707, 49650, 49704]
2023-10-13 00:03:25,139 - INFO - Successfully updated orders: [47001, 35750, 36713, 46980, 49115]
2023-10-15 00:00:57,882 - INFO - Successfully created orders: [49743]
2023-10-15 00:00:57,882 - INFO - Successfully updated orders: [38036, 37359, 37113, 37157, 48798, 49115, 37967, 38692, 38006]
2023-10-15 00:00:57,882 - INFO - Successfully deleted orders: [37861]
2023-10-16 00:01:18,305 - INFO - Successfully created orders: [49784, 49783, 49773, 49774, 49775, 49776, 49779, 49777, 49778, 49780]
2023-10-16 00:01:18,305 - INFO - Successfully updated orders: [36097, 35877, 35780, 36041, 47122, 49119, 35875]
2023-10-17 00:00:54,129 - INFO - Successfully created orders: [49801]
2023-10-17 00:00:54,129 - INFO - Successfully updated orders: [35780, 47122, 36886, 43332, 46337, 20555, 36097]
2023-10-17 00:00:54,129 - INFO - Successfully deleted orders: [49119]
2023-10-18 00:00:59,530 - INFO - Successfully created orders: [49846, 49845, 49836, 49811, 49839]
2023-10-18 00:00:59,531 - INFO - Successfully updated orders: [35710]
2023-10-18 00:00:59,532 - INFO - Successfully deleted orders: [35875]
2023-10-19 00:01:12,813 - INFO - Successfully created orders: [49867, 49896, 49859, 49858, 49869, 49852]
2023-10-19 00:01:12,813 - INFO - Successfully updated orders: [38036, 38002, 48798, 38126, 48965, 38109, 46054, 36099, 48967, 47661, 43332, 38006, 38691]
2023-10-19 00:01:12,813 - INFO - Successfully deleted orders: [38692, 36041]
2023-10-20 00:01:05,842 - INFO - Successfully created orders: [49999, 49998, 50001, 50000, 49936, 49938, 49997, 49933]
2023-10-20 00:01:05,858 - INFO - Successfully updated orders: [38109, 38240, 48529, 47750, 36578]
2023-10-22 00:00:35,981 - INFO - Successfully created orders: [50028]
2023-10-23 00:01:07,658 - INFO - Successfully updated orders: [47171, 36095, 35882, 48721, 36155, 36251, 35921, 36252, 36050, 47201, 47165, 37113, 37194, 47202, 36096]
2023-10-25 00:01:36,705 - INFO - Successfully created orders: [50075, 50126, 50127, 50154, 50155, 50158, 50174, 50177, 50157, 50187, 50191, 50209, 50070, 50210, 50162]
2023-10-25 00:01:36,736 - INFO - Successfully updated orders: [36050, 35920, 35921, 35877, 36252, 36095, 36096, 43240, 36760, 47165, 47171, 47202, 47201, 36302]
2023-10-25 00:01:36,736 - INFO - Successfully deleted orders: [48721]
2023-10-28 00:02:11,704 - INFO - Successfully created orders: [50251, 37094, 41113, 42993, 45841, 46755, 50317, 50318, 50316, 50326, 50304, 50306, 50307, 50339, 50315, 50329, 39043, 38612, 50310, 50248, 50352, 50354, 43608]
2023-10-28 00:02:11,736 - INFO - Successfully updated orders: [37194, 37853, 37113, 47499, 46321, 38421, 37848, 36576, 48529, 48798, 46054, 47661, 48967, 49046, 50158, 36598, 35920, 35921, 38691, 47750, 37041, 37122, 38557, 37763, 38006, 37857, 35882, 46379, 21511]
2023-10-28 00:02:11,736 - INFO - Successfully deleted orders: [21865, 11336]
2023-10-31 00:01:11,127 - INFO - Successfully created orders: [50395, 50358, 50433, 50399]
2023-10-31 00:01:11,190 - INFO - Successfully updated orders: [36395, 36980, 36302, 36578, 36155, 36915, 36576, 36303, 36301, 36554, 36597, 36684, 36189, 36599]
2023-11-07 00:02:37,391 - INFO - Successfully created orders: [50484, 50498, 50503, 50455, 50502, 50688, 50591, 50540, 50512, 50542, 50589, 50728, 50731, 50753, 50788, 50723, 50587, 50539, 50693, 50690, 50652, 50595, 50541, 50579, 50639]
2023-11-07 00:02:37,406 - INFO - Successfully updated orders: [46707, 36395, 36980, 34536, 37094, 37383, 37859, 38105, 47022, 38296, 38295, 38613, 43881, 35133, 21596, 36534, 36713, 36576, 36674, 36771, 44992, 48535, 37967, 38108, 38266, 37122, 37763, 37053, 37095, 37041, 36915, 36760, 36886, 36684, 36708, 36675, 36578, 36302, 48064, 50329, 36554, 44705]
2023-11-07 00:02:37,406 - INFO - Successfully deleted orders: [36303, 36597, 44999]
2023-11-10 00:02:01,375 - INFO - Successfully created orders: [50872, 50795, 50871, 50856, 50857, 50799]
2023-11-10 00:02:01,375 - INFO - Successfully updated orders: [49243, 36395, 21596, 40296, 47897, 38926, 50731, 46314, 38961, 48326, 46330, 38295, 38499, 38420, 38856, 38896, 48464, 38613, 37371, 50251, 37069, 47022, 38853, 36674, 38611, 39260, 49484, 38268, 38266, 38505, 38588, 38968, 38895, 36675, 38612, 36760, 39043, 46390, 38902, 38897, 50579, 38565]
2023-11-11 00:02:11,469 - ERROR - Exception type: ('Update error: ', ''), Order numbers: [34591]
NoneType: None
2023-11-11 00:02:11,484 - INFO - Successfully created orders: [50981, 51002, 51008, 50966, 50982, 50964, 50954, 51007, 50963, 50950, 50955, 51010]
2023-11-11 00:02:11,484 - INFO - Successfully updated orders: [21596, 37094, 21082]
2023-11-11 00:02:11,484 - INFO - Successfully deleted orders: [50872]
2023-11-12 00:00:44,729 - INFO - Successfully created orders: [51013, 51012]
2023-11-13 00:00:47,588 - INFO - Successfully created orders: [51014]
2023-11-13 00:00:47,604 - INFO - Successfully updated orders: [46860, 37157, 37069, 50795]
2023-11-16 00:02:14,556 - INFO - Successfully created orders: [51130, 51206, 51023, 51203, 51028, 51026, 51234, 51239, 51237, 51223, 51194, 51145, 51133, 51189, 51201, 51249, 51250, 51238]
2023-11-16 00:02:14,556 - INFO - Successfully updated orders: [37293, 37094, 36675, 21159, 21997, 37384, 37713, 38895, 37589, 38926, 39278, 39541, 37130, 37295, 37196, 37157, 38423, 46860, 38422, 37588, 37069, 48689, 37129, 37359, 40295, 50251, 50950, 37045, 38107, 23834, 21082, 38565, 39378, 47052]
2023-11-16 00:02:14,556 - INFO - Successfully deleted orders: [37847]
2023-11-17 00:00:55,401 - INFO - Successfully updated orders: [39354, 39635, 49845, 39461]
2023-11-17 00:00:55,401 - INFO - Successfully deleted orders: [46780, 46755]
2023-11-18 00:01:17,789 - INFO - Successfully created orders: [51321, 51356, 51352, 51354, 51344, 51340, 51336, 51341]
2023-11-18 00:01:17,789 - INFO - Successfully updated orders: [39829, 39857, 48689, 39512, 39333, 39354, 51145, 39260, 47550]
2023-11-19 00:00:40,671 - INFO - Successfully created orders: [51359]
2023-11-23 00:01:50,190 - INFO - Successfully created orders: [51439, 51450, 51449, 51426, 51494, 51460, 51422, 51398, 51378, 51396, 51438, 51451, 51425, 51471, 51495]
2023-11-23 00:01:50,190 - INFO - Successfully updated orders: [37189, 39376, 50950, 39327, 50512, 37045, 38422, 37359, 39446, 38107, 37129, 39521, 39336, 40291, 51189, 05387, 39356, 39516, 50595, 39286, 49273, 39334, 37380, 21082]
2023-11-26 00:00:41,174 - INFO - Successfully updated orders: [37045]
2023-12-01 00:02:08,838 - INFO - Successfully created orders: [51689, 51639, 51643, 51691, 51638, 51505, 51555, 51602, 51514, 51591, 51557]
2023-12-01 00:02:08,838 - INFO - Successfully updated orders: [50857, 48535, 48277, 38096, 38108, 38691, 39990, 37832, 23642, 37384, 37383, 37444, 21997, 43009, 38557, 37794, 37590, 47550, 47452, 32993, 37829, 37830, 21667, 37858, 39701, 37588, 39749, 39768, 37852, 38105, 39711, 39773, 47661, 50251, 51238, 37380, 47021]
2023-12-01 00:02:08,838 - INFO - Successfully deleted orders: [41439]
2023-12-03 00:01:23,358 - INFO - Successfully created orders: [51741, 51742, 51734, 51735, 51740]
2023-12-03 00:01:23,358 - INFO - Successfully updated orders: [37859, 49013, 50158, 39699, 39996, 51643, 40311, 41078, 50595, 39954, 46619, 40127, 24028, 49631, 39782, 38108, 38691, 51495, 47021]
2023-12-03 00:01:23,358 - INFO - Successfully deleted orders: [51689, 51194]
2023-12-05 00:02:01,630 - INFO - Successfully created orders: [51810, 51812, 51811]
2023-12-05 00:02:01,693 - INFO - Successfully updated orders: [37591, 51494, 37713, 37845, 40122, 38006, 40246, 45855, 37589, 40226, 40228, 40654, 39782, 37590, 51643, 40302, 21997, 37706, 24214, 36251, 24406, 41113, 40281, 41083, 23645, 40720, 41078, 40222, 40313, 46619, 40642, 40320, 40219, 49631, 30191, 40278, 40318, 40360, 37863, 47756]
2023-12-17 00:03:12,571 - INFO - Successfully created orders: [51860, 51863, 51890, 52006, 52013, 52024, 52047, 52131, 52064, 51849, 52115, 52114, 52057, 52054, 52056, 38022, 52045, 52042, 52048, 52051, 51848, 51850, 51817, 51684, 51647, 52027, 51853, 51854, 51851, 51857, 52305, 52166, 52167, 52221, 52356, 52358, 52360, 52361, 52365, 52382, 52270, 52292, 52375, 52383, 52372, 52349, 52264, 52293, 52350, 52351, 52295, 52297, 52299, 52199, 52173, 52174, 52168, 52406, 51820]
2023-12-17 00:03:12,571 - INFO - Successfully updated orders: [48798, 37857, 38612, 39541, 37851, 38126, 38613, 38002, 47661, 48967, 50251, 49046, 37189, 38036, 51189, 38421, 50158, 46054, 37967, 38557, 48695, 47052]
2023-12-17 00:03:12,571 - INFO - Successfully deleted orders: [49484, 37848, 38109, 38240]
2023-12-21 00:02:21,200 - INFO - Successfully created orders: [52514, 52497, 52493, 52427, 52578, 52533, 52498, 52500, 52506, 52442, 52456, 52568, 52472, 52529, 52530, 52496, 52515, 52516, 51649, 52464]
2023-12-21 00:02:21,200 - INFO - Successfully updated orders: [49584, 39512, 41244, 46390, 39043, 38856, 40869, 38588, 38968, 38505, 38266, 38268, 48967, 46314, 46330, 48326, 38499, 38420, 48464, 38855, 38296, 40458, 52024, 38613, 41113, 38853, 48529, 48801]
2023-12-21 00:02:21,200 - INFO - Successfully deleted orders: [51557]
2023-12-23 00:02:12,778 - INFO - Successfully created orders: [52630, 52621, 52623, 52653, 52622]
2023-12-23 00:02:12,778 - INFO - Successfully updated orders: [41551, 40867, 42231, 25279, 40864, 38961, 40976, 40981, 47550, 41007, 41009, 41208, 48063, 52568, 48421, 38420, 41344, 50856, 40608, 40819, 51851, 48464, 38296, 42013, 48822, 50591, 38853, 47461, 47463, 42016, 45750, 47997, 39327, 48920, 46619, 25228, 48004, 39378]
2023-12-27 00:00:52,061 - INFO - Successfully created orders: [52655, 52661, 52662]
2023-12-28 00:00:44,676 - INFO - Successfully created orders: [52668, 52667, 52666]
2024-01-06 00:03:39,842 - INFO - Successfully created orders: [52762, 52794, 52820, 52893, 52894, 52907, 52908, 52910, 52925, 52873, 52879, 52819, 52856]
2024-01-06 00:03:39,842 - INFO - Successfully updated orders: [40297, 40311, 47461, 48464, 38895, 47550, 41128, 40057, 40127, 39556, 38897, 39300, 38923, 39296, 39297, 38896, 39527, 39701, 39711, 39715, 32993, 39768, 39996, 39308, 39461, 41529, 38565, 39745, 23834, 49584, 52024, 47997, 45256, 46390, 51422, 51602, 52442, 52533, 48063, 41208, 40864, 41103, 40754, 40296, 39512, 39954, 05386, 05387, 00053, 38902, 39260, 38611, 38612, 42231, 25092, 38853, 39699, 39749, 39857, 39336, 40295, 40320, 40321, 40608, 40654, 40819, 41113, 41201, 41216, 41606, 42042, 45750, 48689, 39325, 39662]
2024-01-06 00:03:39,842 - INFO - Successfully deleted orders: [40278, 48695, 48801, 47052]
2024-01-09 00:02:08,747 - INFO - Successfully created orders: [53024, 52978, 52983, 52985, 53025, 53020, 52979, 52981]
2024-01-09 00:02:08,747 - INFO - Successfully updated orders: [49584, 46615, 44822, 46390, 39512, 39043, 52762, 39354, 39857, 39635, 39667, 38853, 48689, 39829, 39278, 52879, 39333, 40295, 40292, 48905, 38926, 39308, 39378, 39325, 41526]
2024-01-13 00:05:46,017 - INFO - Successfully created orders: [53227, 53229, 53230, 53090, 53091, 53092, 53124, 53137, 53138, 53139, 53150, 53188, 53189, 53142, 53144, 53193, 53195, 53196, 50803, 52035, 53251, 53252, 53292, 53301, 53194, 53149, 53190, 53191, 53143, 53131, 53133, 53121, 53152, 53084]
2024-01-13 00:05:46,017 - INFO - Successfully updated orders: [41551, 49584, 44822, 46619, 42008, 42016, 43852, 41607, 41684, 41756, 42189, 42666, 39296, 39667, 39749, 39857, 48689, 53025, 40146, 40228, 40281, 40318, 41352, 40829, 41083, 41536, 41545, 41549, 40295, 40654, 39278, 39287, 39327, 39333, 39336, 39354, 48905, 39512, 39516, 39541, 39635, 41552, 41548, 41202, 41346, 41347, 41484, 41489, 40754, 40246, 40226, 23642, 39556, 39990, 42955, 48826, 50690, 50857, 52048, 52794, 42110, 41776, 39662, 39378, 41550]
2024-01-13 00:05:46,017 - INFO - Successfully deleted orders: [40291, 38853, 42706, 39308]
2024-01-15 00:00:43,871 - INFO - Successfully created orders: [53303]
2024-01-17 00:03:18,351 - INFO - Successfully created orders: [53023, 53003, 53358, 53361, 53360, 53329, 53359]
2024-01-17 00:03:18,351 - INFO - Successfully updated orders: [49584, 44822, 40720, 51494, 48689, 50950, 47461, 47463, 39857, 41270, 52568, 52893, 46619, 41536, 50512, 52668, 41831, 39749, 42666, 45255, 50502, 32993, 48822, 41201, 52024, 39715, 25092, 41078, 41113, 39376, 52879, 52794, 39285, 42311, 39990, 40654, 52035, 39334, 47550, 39286, 47580, 40246, 23642, 39356, 50690, 41208, 39512, 39446, 40057, 52533, 39556, 39461, 43726, 41884, 41883, 39325, 45808, 41529, 39745]
2024-01-17 00:03:18,351 - INFO - Successfully deleted orders: [42042, 48920, 39521]
2024-01-18 00:01:07,177 - INFO - Successfully created orders: [53393, 53395, 53430, 53371, 53429, 53378, 53382, 53376]
2024-01-18 00:01:07,177 - INFO - Successfully updated orders: [41873, 39635, 47580, 39286, 50502, 52035, 39334]
2024-01-19 00:01:09,563 - INFO - Successfully created orders: [53455, 53511, 53464, 53508, 53477]
2024-01-19 00:01:09,563 - INFO - Successfully updated orders: [49013, 49099, 41881, 36915, 53395, 39461]
2024-01-20 00:01:05,363 - INFO - Successfully created orders: [53563]
2024-01-20 00:01:05,363 - INFO - Successfully updated orders: [40867, 36915, 41113, 47756, 40458, 52024, 50317, 39356]
2024-01-20 00:01:05,363 - INFO - Successfully deleted orders: [39376]
2024-01-21 00:01:00,582 - INFO - Successfully created orders: [53572, 53571, 53573]
2024-01-22 00:01:14,796 - INFO - Successfully updated orders: [39768, 40297, 39996, 39711, 39699, 39701, 32993, 39773, 39782, 39721, 50595, 49273, 50857, 24028, 50690, 39556, 39990]
2024-01-23 00:02:10,214 - INFO - Successfully created orders: [53627, 53598, 53590, 53583, 53595, 53597, 53602, 53589]
2024-01-23 00:02:10,230 - INFO - Successfully updated orders: [39711, 39996, 39699, 39701, 47756, 39297, 39556, 53563, 50595, 39782, 47550, 52794, 39325, 41815]
2024-01-23 00:02:10,230 - INFO - Successfully deleted orders: [32993, 53571]
2024-01-24 00:02:49,193 - INFO - Successfully created orders: [53678, 53679, 53652]
2024-01-24 00:02:49,193 - INFO - Successfully updated orders: [47997, 39721, 47550, 50857, 49273, 42307, 39773, 39662]
2024-01-24 00:02:49,193 - INFO - Successfully deleted orders: [53196]
2024-01-26 00:01:33,106 - INFO - Successfully created orders: [53798, 53801, 53803, 53811, 53742, 53692, 53725, 53727, 53728]
2024-01-26 00:01:33,106 - INFO - Successfully updated orders: [42385, 50690, 51849, 53378, 42182, 39978, 39990, 24028, 36915, 39527, 40311, 41113, 49013, 42307, 25228]
2024-01-26 00:01:33,106 - INFO - Successfully deleted orders: [39297]
2024-01-28 00:01:53,644 - INFO - Successfully created orders: [53866, 53867]
2024-01-28 00:01:53,659 - INFO - Successfully updated orders: [30191, 40146, 40219, 47648, 42997, 42679, 40319, 40318, 40281, 42993, 41873, 26452, 27071, 41113, 51849, 40122, 42293, 42483, 42385, 42400, 42386, 43003, 42719, 42346, 42387, 42700, 41879, 39978, 48300, 40228, 42492, 25228, 08103, 44698, 42581, 50639, 23834]
2024-01-29 00:01:20,949 - INFO - Successfully updated orders: [38933, 46619, 52568, 40311, 49631, 23645, 41078, 40024, 40025, 39954, 40246, 23642, 41128, 40127, 40057, 40720, 23834, 41529, 39745]
2024-01-30 00:01:25,379 - INFO - Successfully created orders: [53903, 53906, 53905, 36937, 53904]
2024-01-30 00:01:25,379 - INFO - Successfully updated orders: [40024, 40025, 39954, 52794, 53597, 53602, 23645, 41244, 40246, 23642, 49631, 46619, 40458, 41113, 39745, 41529, 23834]
2024-02-07 00:03:54,431 - INFO - Successfully created orders: [54052, 53997, 54054, 54055, 54075, 54178, 53944, 54060, 54067, 54008, 54032, 54036, 54046, 54051, 53987, 53947, 53951, 53913, 54180, 54183, 54148, 54154, 54177, 54118, 54122, 54076, 54078, 54103, 54112, 54056, 54057, 53967, 53966, 54238, 54252, 54219, 54226]
2024-02-07 00:03:54,447 - INFO - Successfully updated orders: [47703, 48058, 48300, 38002, 41344, 50187, 52024, 53678, 50856, 38933, 30191, 40281, 40311, 40319, 40321, 40360, 40458, 40720, 40930, 41040, 41124, 41216, 42579, 42673, 40057, 40122, 40219, 26942, 48813, 42955, 43003, 45250, 46452, 41244, 40976, 40981, 40754, 40864, 40379, 40302, 40226, 40228, 53149, 53152, 40146, 51237, 53905, 52051, 52057, 41529, 39745, 48004, 47756, 40313, 48421, 49867, 24406]
2024-02-07 00:03:54,447 - INFO - Successfully deleted orders: [47648, 51494, 40222, 40318, 41083]
2024-02-08 00:02:24,855 - INFO - Successfully created orders: [54290, 54277, 54343, 54317, 54314, 54283, 54305, 54285]
2024-02-08 00:02:24,855 - INFO - Successfully updated orders: [43486, 54183, 40122, 40654, 42700, 23645, 43127, 40219, 30191, 54252, 40226, 48421, 49867, 44038, 53150, 51851, 42307, 42673, 41216, 42993, 48004]
2024-02-10 00:02:03,242 - INFO - Successfully created orders: [54379, 54378, 54377, 54390, 54408, 54419, 54425, 54445, 54483, 54394, 54396, 54395, 54382, 54383, 54384, 54385, 54380, 54449, 54452, 54453, 54454, 54437, 54422, 54397, 54448]
2024-02-10 00:02:03,242 - INFO - Successfully updated orders: [41113, 33257, 43006, 44568, 48687, 40930, 50191, 53627, 54238, 40379, 41244, 49997, 40781, 24214, 54183, 54057]
2024-02-10 00:02:03,242 - INFO - Successfully deleted orders: [46323]
2024-02-12 00:00:45,119 - INFO - Successfully created orders: [54490]
2024-02-14 00:02:56,273 - INFO - Successfully created orders: [54573, 54600, 54629, 54639, 54666, 54665, 54616, 54624, 54574, 54503, 54505, 54545]
2024-02-14 00:02:56,273 - INFO - Successfully updated orders: [40819, 41040, 41344, 43048, 43053, 43115, 43238, 43254, 48696, 49998, 50317, 43328, 43389, 43463, 45401, 40791, 41113, 40321, 40608, 40642, 41244, 40867, 24214, 40320, 53913, 43016, 40869, 40781, 48063, 43406, 51602, 53987, 43260, 43263, 43170, 40866, 43106, 48004, 42873]
2024-02-14 00:02:56,273 - INFO - Successfully deleted orders: [40930, 54377]
2024-02-15 00:01:35,947 - INFO - Successfully created orders: [54693, 54723, 54698, 54701, 54711, 54712, 54722, 54671]
2024-02-15 00:01:35,947 - INFO - Successfully updated orders: [41040, 42013, 50317, 40642, 52907, 54624, 54665, 30191, 40608, 40819, 41009, 43016, 48063, 51602, 40866]
2024-02-15 00:01:35,947 - INFO - Successfully deleted orders: [40869]
2024-02-16 00:01:27,629 - INFO - Successfully updated orders: [49998, 50001, 42312, 54722, 43016, 40781, 43260, 54277, 54624, 39527, 40866]
2024-02-16 00:01:27,629 - INFO - Successfully deleted orders: [54616]
2024-02-17 00:03:54,255 - INFO - Successfully created orders: [54784, 54803, 54804, 54783, 54811, 54809, 54765, 54776, 54787, 54782, 54816, 54817, 54786, 54808, 54790, 54824, 54810]
2024-02-17 00:03:54,270 - INFO - Successfully updated orders: [44080, 44950, 46930, 45419, 48922, 41606, 46616, 46617, 46618, 46875, 45909, 47211, 42307, 46052, 43238, 49284, 47224, 46929, 34889, 44937, 45041, 45843, 45845, 46053, 46280, 45418, 54408, 41025, 46421, 47659, 51352, 42312, 46020, 46328, 50963, 47963, 24406, 40321, 47944, 45240, 41103, 42231, 45974, 44565, 47994, 36197, 44978, 45248, 46934, 46858, 43260, 44563, 38929, 28518, 41009, 47160, 46452, 47019, 47068, 47070, 48033, 45250, 44935, 44252, 47162, 43725, 54060, 44994, 43890, 34535, 44253]
2024-02-17 00:03:54,270 - INFO - Successfully deleted orders: [45922, 54056, 54122]
2024-02-21 00:02:39,629 - INFO - Successfully created orders: [54867, 54870, 54913, 54918, 54872, 54873, 54836, 54889]
2024-02-21 00:02:39,644 - INFO - Successfully updated orders: [54067, 36915, 40781, 41009, 53987, 48063, 51602, 41344, 42312, 50591, 41776, 40866]
2024-02-22 00:02:55,459 - INFO - Successfully created orders: [54958, 54959, 54960, 54954, 54955]
2024-02-22 00:02:55,459 - INFO - Successfully updated orders: [50591, 40321, 24406, 36915, 43016, 40819, 41577, 41776, 41815]
2024-02-23 00:01:16,945 - INFO - Successfully created orders: [55011, 55035, 55009, 55037, 55016, 55038, 55010, 55003, 55004]
2024-02-23 00:01:16,945 - INFO - Successfully updated orders: [54419, 45419, 43308, 43528, 41815]
2024-02-23 00:01:16,945 - INFO - Successfully deleted orders: [43592]
2024-02-24 00:01:09,300 - INFO - Successfully created orders: [55093, 55083, 55089]
2024-02-24 00:01:09,300 - INFO - Successfully updated orders: [42579, 42666, 42311, 53951, 41776, 41815]
2024-02-26 00:01:27,868 - INFO - Successfully updated orders: [41551, 45256, 52048, 42231, 41103, 40864, 41270, 25279, 51422, 40754, 41007, 41202, 41208, 26823, 50856, 51851, 41216, 48822, 41201, 25092, 42016, 41550]
2024-02-27 00:01:43,556 - INFO - Successfully created orders: [55157, 55116, 55154, 55156, 55115, 55155, 55118, 55139]
2024-02-27 00:01:43,556 - INFO - Successfully updated orders: [43333, 43408, 40864, 42016, 43727, 42307, 43115, 48822, 41201, 43053, 45256, 42311, 48826, 40754, 50856, 51851, 52048, 41550]
2024-02-28 00:01:12,794 - INFO - Successfully created orders: [55201, 55168, 55167]
2024-02-28 00:01:12,794 - INFO - Successfully updated orders: [41216, 39527, 51352, 51422, 42231, 41103, 41007, 42579, 42666, 41202, 41208]
2024-03-01 00:02:34,243 - INFO - Successfully created orders: [55283, 55296, 55355, 55356, 55360, 55352, 55292, 55310, 55264, 55348, 55339]
2024-03-01 00:02:34,243 - INFO - Successfully updated orders: [44822, 46615, 41756, 42008, 08103, 25228, 26823, 41536, 41549, 42307, 45062, 45063, 45064, 41352, 49013, 53024, 53139, 45388, 45390, 43003, 43406, 43724, 43725, 44563, 41552, 25279, 40864, 41208, 54118, 49997, 52907, 55168, 48826, 41527, 42182, 25092, 45377, 50639]
2024-03-02 00:00:48,380 - INFO - Successfully created orders: [55392, 55387]
2024-03-05 00:01:58,599 - INFO - Successfully created orders: [55443, 55414, 55418]
2024-03-05 00:01:58,599 - INFO - Successfully updated orders: [45389, 48826, 51439, 43263, 42110, 42182, 41552, 41577, 41346, 41484, 41489, 28011, 40754, 41270, 41352, 41523, 41545, 41549, 41607, 41684, 42307, 42312, 43006, 53189, 43308, 43463, 43852, 44080, 44202, 44260, 51460, 29185, 54057]
2024-03-06 00:01:15,772 - INFO - Successfully created orders: [55508, 55509, 55512]
2024-03-06 00:01:15,787 - INFO - Successfully updated orders: [41551, 41684, 41549, 42230, 42307, 43852, 53913, 42110, 48826, 41527]
2024-03-07 00:01:44,425 - INFO - Successfully created orders: [55611, 55604, 55555, 55605, 55567, 55601, 55606]
2024-03-07 00:01:44,425 - INFO - Successfully updated orders: [55392, 42307, 41346, 41879, 41548, 41484, 42385, 41523, 41756, 42189, 41873, 27071, 52893, 52668, 41831, 41352, 41216, 42968, 52515, 55508, 55348, 41884, 41883]
2024-03-08 00:01:39,439 - INFO - Successfully created orders: [55683, 55682, 55663, 55665, 55689, 55691, 55692, 55659, 55702, 55715, 55685]
2024-03-08 00:01:39,439 - INFO - Successfully updated orders: [44822, 55283, 41756, 52668, 42968, 41873, 27071, 43726, 45521, 45808, 50955]
2024-03-09 00:01:18,327 - INFO - Successfully created orders: [55731, 55738, 55726, 55728, 55747, 55802, 55773]
2024-03-09 00:01:18,327 - INFO - Successfully updated orders: [55168, 41270, 41989, 48826, 52668, 41548, 50639]
2024-03-10 00:00:47,131 - INFO - Successfully created orders: [55803]
2024-03-11 00:00:48,400 - INFO - Successfully updated orders: [55715]
2024-03-12 00:00:58,022 - INFO - Successfully created orders: [55807, 55825, 55852, 55847]
2024-03-12 00:00:58,022 - INFO - Successfully updated orders: [52893, 52515, 55348]
2024-03-13 00:01:11,084 - INFO - Successfully created orders: [55925, 55911, 55912, 55924, 55879, 55921, 55882, 55926]
2024-03-13 00:01:11,084 - INFO - Successfully updated orders: [24028, 52630, 42230, 51354, 55348]
2024-03-14 00:01:45,928 - INFO - Successfully created orders: [55949, 55929]
2024-03-14 00:01:45,928 - INFO - Successfully updated orders: [45390, 45242, 45389, 41346, 44503, 53149, 45388, 44251, 51450, 45041, 54954, 46328, 55802, 45315, 41776, 26625, 41815]
2024-03-15 00:01:33,772 - INFO - Successfully created orders: [56031, 56032, 56030, 56006, 56033, 56035, 56007]
2024-03-15 00:01:33,803 - INFO - Successfully updated orders: [42527, 42700, 55731, 41346, 42500, 41545, 42510, 42189, 51354, 52893, 41884, 41883, 42873, 41815]
2024-03-16 00:01:02,295 - INFO - Successfully created orders: [56048, 56073]
2024-03-16 00:01:02,295 - INFO - Successfully updated orders: [53572, 55360, 44746, 44937, 45756]
2024-03-18 00:01:16,098 - INFO - Successfully updated orders: [42485, 43328, 41881, 45255, 42388, 43853, 51863, 49099, 42394, 42493, 42386]
2024-03-19 00:01:26,437 - INFO - Successfully created orders: [56096, 56127, 56123, 56112]
2024-03-19 00:01:26,437 - INFO - Successfully updated orders: [42997, 42957, 42959, 42388, 43853, 49099, 42998, 43486, 26950, 53149, 42386, 55360, 55715, 41989, 26625, 42873]
2024-03-21 00:02:03,372 - INFO - Successfully created orders: [56198, 56154, 55645, 56246, 56158, 56175, 56183, 56184, 56199, 56201]
2024-03-21 00:02:03,388 - INFO - Successfully updated orders: [42485, 42673, 43238, 43254, 43328, 43333, 43389, 55773, 49997, 51863, 44840, 44924, 44978, 44987, 43260, 42967, 43170, 52907, 26942, 26950, 28027, 55360, 42493, 41881, 42400, 08103, 25228]
2024-03-21 00:02:03,388 - INFO - Successfully deleted orders: [45255, 45401, 42394]
2024-03-24 00:01:05,343 - INFO - Successfully created orders: [56358, 56373, 56294, 56428, 56429, 56371, 56430, 56281, 56377, 56357, 56336, 56422]
2024-03-24 00:01:05,343 - INFO - Successfully updated orders: [56096]
2024-03-25 00:01:25,227 - INFO - Successfully updated orders: [26625, 42293, 42346, 42387, 42400, 42483, 42492, 42500, 42510, 42527, 42679, 42700, 42719, 42993, 42997, 43048, 44698, 51849]
2024-03-26 00:02:45,966 - INFO - Successfully created orders: [23309, 28124, 56441, 56473]
2024-03-26 00:02:45,982 - INFO - Successfully updated orders: [43333, 42492, 50723, 42293, 42483, 42400, 42500, 42527, 42955, 42719, 42679, 45041, 26625, 41884, 44698]
2024-03-27 00:01:24,670 - INFO - Successfully created orders: [56511, 56517, 56512, 56522, 56482, 56520, 56521, 56533, 56480, 56505]
2024-03-27 00:01:24,670 - INFO - Successfully updated orders: [43333, 50723, 52630, 23309, 42307, 43003]
2024-03-27 00:01:24,670 - INFO - Successfully deleted orders: [42510]
2024-03-28 00:01:34,866 - INFO - Successfully created orders: [56539, 56613, 56550, 56551, 56610, 56614, 56548]
2024-03-28 00:01:34,881 - INFO - Successfully updated orders: [42957, 42346, 42387, 42700, 42955, 53152, 42997, 44038, 53090, 43048, 42993, 42998, 43486]
2024-03-28 00:01:34,881 - INFO - Successfully deleted orders: [44729]
2024-03-30 00:01:29,808 - INFO - Successfully created orders: [56677, 56686, 56687, 56702, 56744, 56634, 56703]
2024-03-30 00:01:29,808 - INFO - Successfully updated orders: [55773, 49113, 23309, 42955, 43115, 53149, 53152]
2024-04-04 00:04:03,521 - INFO - Successfully created orders: [56823, 56778, 56837, 56868, 56803, 56804, 56805, 56806, 56802, 56838, 56857, 56861, 56937]
2024-04-04 00:04:03,521 - INFO - Successfully updated orders: [42387, 55604, 55738, 45801, 53947, 51849, 51850, 52057, 45356, 44935, 44503, 44978, 44987, 44998, 45152, 45171, 45248, 43003, 43127, 43170, 43406, 42702, 42755, 42967, 26452, 28124, 41128, 45807, 45830, 46875, 49284, 49707, 50963, 53150, 53573, 45392, 45404, 45418, 45420, 45520, 45570, 52464, 54960, 55157, 42673, 42998, 44937, 44950, 43486, 43618, 44038, 44260]
2024-04-04 00:04:03,521 - INFO - Successfully deleted orders: [45315]
2024-04-06 00:01:33,150 - INFO - Successfully created orders: [57014, 57013, 57062, 56970, 56969, 56951, 56891, 57017, 57043, 56976]
2024-04-06 00:01:33,150 - INFO - Successfully updated orders: [55738, 43264, 41128, 46709, 42967, 28124, 45455, 46448]
2024-04-08 00:00:58,292 - INFO - Successfully created orders: [57102]
2024-04-08 00:00:58,292 - INFO - Successfully updated orders: [54408]
2024-04-09 00:01:51,722 - INFO - Successfully created orders: [57120, 57146, 57129, 57126, 57151, 57141, 57137]
2024-04-09 00:01:51,737 - INFO - Successfully updated orders: [49997, 54118, 57043, 42755, 43267, 44252, 52630, 43333, 54505, 44253, 43170, 43389, 49998, 50001, 43053, 44937, 46328, 53573, 45455, 46448]
2024-04-09 00:01:51,737 - INFO - Successfully deleted orders: [54408, 43264, 43106]
2024-04-11 00:02:51,059 - INFO - Successfully created orders: [57179, 57181, 57180, 57218, 57223, 57189, 57248, 57214, 57186, 57177, 57207]
2024-04-11 00:02:51,059 - INFO - Successfully updated orders: [28124, 42755, 49998, 50001, 44253, 45041, 44252, 49997, 55738, 53189, 54419, 45419, 43389, 44038, 43053, 46448]
2024-04-12 00:01:32,226 - INFO - Successfully created orders: [57318, 57319, 57315, 57316, 57320]
2024-04-12 00:01:32,242 - INFO - Successfully updated orders: [43486, 42998, 45842, 46223, 45836, 45839, 45802, 45909, 45844, 45594, 45710, 45830, 46102]
2024-04-12 00:01:32,242 - INFO - Successfully deleted orders: [45598]
2024-04-13 00:01:15,862 - INFO - Successfully created orders: [57333, 57337]
2024-04-13 00:01:15,862 - INFO - Successfully updated orders: [45063, 56802, 44950, 55157, 45845, 57180, 56358, 45836, 56371, 41128, 54505, 43391]
2024-04-15 00:01:19,434 - INFO - Successfully updated orders: [43260, 43263, 43308, 43391, 43408, 43463, 43528, 43554, 43618, 45250, 45318, 45519, 53944, 54055]
2024-04-16 00:01:30,332 - INFO - Successfully created orders: [57392, 57387, 53819]
2024-04-16 00:01:30,332 - INFO - Successfully updated orders: [46020, 43408, 43618, 38000, 55738, 45250, 57017, 39699, 45974, 43308, 43260, 44563]
2024-04-17 00:01:01,562 - INFO - Successfully updated orders: [54055, 43528, 45519, 53944, 43391, 43263, 45318]
2024-04-18 00:01:26,785 - INFO - Successfully created orders: [57504, 57519, 57520, 57516, 57483, 57505, 57503]
2024-04-18 00:01:26,801 - INFO - Successfully updated orders: [43463, 44251, 56937, 50001, 43554]
2024-04-19 00:01:50,161 - INFO - Successfully created orders: [57546, 57530, 57536, 57606]
2024-04-19 00:01:50,161 - INFO - Successfully updated orders: [46049, 45902, 46055, 43006, 45974, 56551, 46377, 53393, 46136, 46052, 55296, 45837, 45840, 45841, 46450, 46104, 45154, 45521, 45808]
2024-04-20 00:01:15,279 - INFO - Successfully created orders: [57615, 57643, 57650, 57652, 57653, 57635, 57651]
2024-04-20 00:01:15,310 - INFO - Successfully updated orders: [57248, 44202, 43408, 43618, 39699, 43554]
2024-04-22 00:01:19,895 - INFO - Successfully created orders: [57654, 57655]
2024-04-22 00:01:19,895 - INFO - Successfully updated orders: [45062, 45063, 45064, 53024, 43727, 44260, 53139, 45319, 53951, 54118, 44563, 43730, 54180, 43724, 43725, 43890, 45377]
2024-04-23 00:01:41,338 - INFO - Successfully created orders: [57665, 57694, 57695, 57696, 57691]
2024-04-23 00:01:41,354 - INFO - Successfully updated orders: [45240, 44563, 46434, 45319, 53951, 43725, 42387, 43890, 43724, 54180, 43727, 46167, 46171, 57248, 44260, 46421, 46158, 46328, 53139, 53573, 29185]
2024-05-17 16:20:46,720 - INFO - Successfully created orders: [57967, 57976, 57847, 57899, 57835, 57836, 57837, 57838, 57841, 57904, 57905, 57906, 57937, 57938, 57723, 57903, 57870, 57842, 57844, 57839, 57840, 57791, 58016, 58070, 58093, 58111, 58124, 58125, 58234, 58285, 58110, 58086, 58186, 58548, 58555, 58556, 58568, 58575, 58578, 58305, 58322, 58344, 58360, 58487, 58353, 58536, 58562, 58351, 58352, 58328, 58354, 58571, 58573, 58587, 58566, 58567, 58549, 58538, 58541, 58506, 58542, 58400, 58410, 58411, 58412, 58811, 58615, 58812, 58764, 58740, 58742, 58559, 58744, 58642, 58736, 58733, 58663, 58745]
2024-05-17 16:20:46,722 - INFO - Successfully updated orders: [45520, 46280, 50963, 54765, 46020, 44840, 46223, 45801, 45909, 46454, 46460, 46461, 46572, 53144, 53193, 44505, 44568, 46377, 46378, 46434, 46049, 46055, 55555, 44987, 45388, 45420, 56031, 53572, 44937, 46528, 46875, 47836, 54959, 45844, 46655, 46613, 46614, 47284, 48400, 57392, 57129, 44889, 46627, 46656, 46765, 46332, 29587, 44994, 45758, 44978, 44988, 44989, 45154, 47047, 57207, 45802, 45074, 45804, 46103, 46452, 46616, 31623, 44935, 44817, 44924, 44746, 44950, 46617, 46618, 55157, 58834, 58847, 58857, 45041]
